GROUP,PACKAGE,CLASS,INSTRUCTION_MISSED,INSTRUCTION_COVERED,BRANCH_MISSED,BRANCH_COVERED,LINE_MISSED,LINE_COVERED,COMPLEXITY_MISSED,COMPLEXITY_COVERED,METHOD_MISSED,METHOD_COVERED
BPMN Maven Plugin,com.github.jonasrutishauser.maven.plugin.bpmn,ModelsReportRenderer,702,0,40,0,126,0,39,0,19,0
BPMN Maven Plugin,com.github.jonasrutishauser.maven.plugin.bpmn,ReportConfiguration,76,0,12,0,15,0,16,0,10,0
BPMN Maven Plugin,com.github.jonasrutishauser.maven.plugin.bpmn,ReportMojo,476,0,38,0,67,0,35,0,16,0
